2021-05-11 21:52:37 INFO  Log4j:10 - Test is starting...
2021-05-11 21:52:49 INFO  Log4j:18 - Open Browser Page : https://www.gittigidiyor.com/
2021-05-11 21:52:49 INFO  Log4j:18 - Driver Title : GittiGidiyor - Türkiye'nin Öncü Alışveriş Sitesi
2021-05-11 21:52:52 INFO  Log4j:18 - Email : sonerats25@gmail.com - Password : soner1300
2021-05-11 21:53:08 INFO  Log4j:14 - Test is ending...
2021-05-11 21:57:03 INFO  Log4j:10 - Test is starting...
2021-05-11 21:57:16 INFO  Log4j:18 - Open Browser Page : https://www.gittigidiyor.com/
2021-05-11 21:57:16 INFO  Log4j:18 - Driver Title : GittiGidiyor - Türkiye'nin Öncü Alışveriş Sitesi
2021-05-11 21:57:38 INFO  Log4j:18 - Email : sonerats25@gmail.com - Password : soner1300
2021-05-11 21:58:34 INFO  Log4j:14 - Test is ending...
2021-05-11 21:59:21 INFO  Log4j:10 - Test is starting...
2021-05-11 21:59:32 INFO  Log4j:18 - Open Browser Page : https://www.gittigidiyor.com/
2021-05-11 21:59:32 INFO  Log4j:18 - Driver Title : GittiGidiyor - Türkiye'nin Öncü Alışveriş Sitesi
2021-05-11 21:59:39 INFO  Log4j:18 - Email : sonerats25@gmail.com - Password : soner1300
2021-05-11 21:59:43 INFO  Log4j:18 - Username : sonerates236585
2021-05-11 21:59:43 INFO  Log4j:14 - Test is ending...
2021-05-11 22:22:17 INFO  Log4j:10 - Test is starting...
2021-05-11 22:22:23 INFO  Log4j:18 - Open Browser Page : https://www.gittigidiyor.com/
2021-05-11 22:22:23 INFO  Log4j:18 - Driver Title : GittiGidiyor - Türkiye'nin Öncü Alışveriş Sitesi
2021-05-11 22:22:26 INFO  Log4j:18 - Email : sonerats25@gmail.com - Password : soner1300
2021-05-11 22:22:29 INFO  Log4j:18 - Username : sonerates236585
2021-05-11 22:22:29 INFO  Log4j:14 - Test is ending...
2021-05-11 22:50:03 INFO  Log4j:10 - Test is starting...
2021-05-11 22:50:08 INFO  Log4j:18 - Open Browser Page : https://www.gittigidiyor.com/
2021-05-11 22:50:08 INFO  Log4j:18 - Driver Title : GittiGidiyor - Türkiye'nin Öncü Alışveriş Sitesi
2021-05-11 22:50:10 INFO  Log4j:18 - Email : sonerats25@gmail.com - Password : soner1300
2021-05-11 22:50:14 INFO  Log4j:18 - Username : sonerates236585
2021-05-11 22:50:14 INFO  Log4j:14 - Test is ending...
2021-05-12 00:29:36 INFO  Log4j:10 - Test is starting...
2021-05-12 00:29:41 INFO  Log4j:18 - Open Browser Page : https://www.gittigidiyor.com/
2021-05-12 00:29:41 INFO  Log4j:14 - Test is ending...
2021-05-12 00:30:26 INFO  Log4j:10 - Test is starting...
2021-05-12 00:30:36 INFO  Log4j:18 - Open Browser Page : https://www.gittigidiyor.com/
2021-05-12 00:30:36 INFO  Log4j:14 - Test is ending...
2021-05-12 00:31:20 INFO  Log4j:10 - Test is starting...
2021-05-12 00:31:26 INFO  Log4j:18 - Open Browser Page : https://www.gittigidiyor.com/
2021-05-12 00:31:26 INFO  Log4j:14 - Test is ending...
2021-05-12 00:32:41 INFO  Log4j:10 - Test is starting...
2021-05-12 00:32:46 INFO  Log4j:18 - Open Browser Page : https://www.gittigidiyor.com/
2021-05-12 00:32:46 INFO  Log4j:18 - Driver Title : GittiGidiyor - Türkiye'nin Öncü Alışveriş Sitesi
2021-05-12 00:33:11 INFO  Log4j:18 - Email : sonerats25@gmail.com - Password : soner1300
2021-05-12 00:33:35 INFO  Log4j:10 - Test is starting...
2021-05-12 00:33:40 INFO  Log4j:18 - Open Browser Page : https://www.gittigidiyor.com/
2021-05-12 00:33:40 INFO  Log4j:18 - Driver Title : GittiGidiyor - Türkiye'nin Öncü Alışveriş Sitesi
2021-05-12 00:33:41 INFO  Log4j:18 - Email : sonerats25@gmail.com - Password : soner1300
2021-05-12 00:33:44 INFO  Log4j:18 - Username : sonerates236585
2021-05-12 00:33:54 INFO  Log4j:14 - Test is ending...
2021-05-12 00:34:50 INFO  Log4j:10 - Test is starting...
2021-05-12 00:34:55 INFO  Log4j:18 - Open Browser Page : https://www.gittigidiyor.com/
2021-05-12 00:34:55 INFO  Log4j:18 - Driver Title : GittiGidiyor - Türkiye'nin Öncü Alışveriş Sitesi
2021-05-12 00:34:57 INFO  Log4j:18 - Email : sonerats25@gmail.com - Password : soner1300
2021-05-12 00:35:00 INFO  Log4j:18 - Username : sonerates236585
2021-05-12 00:35:10 INFO  Log4j:14 - Test is ending...
2021-05-12 00:59:33 INFO  Log4j:10 - Test is starting...
2021-05-12 00:59:38 INFO  Log4j:18 - Open Browser Page : https://www.gittigidiyor.com/
2021-05-12 00:59:38 INFO  Log4j:18 - Driver Title : GittiGidiyor - Türkiye'nin Öncü Alışveriş Sitesi
2021-05-12 00:59:58 INFO  Log4j:18 - Email : sonerats25@gmail.com - Password : soner1300
2021-05-12 01:00:00 INFO  Log4j:18 - Username : sonerates236585
2021-05-12 01:00:11 INFO  Log4j:14 - Test is ending...
2021-05-12 01:07:06 INFO  Log4j:10 - Test is starting...
2021-05-12 01:07:16 INFO  Log4j:18 - Open Browser Page : https://www.gittigidiyor.com/
2021-05-12 01:07:16 INFO  Log4j:18 - Driver Title : GittiGidiyor - Türkiye'nin Öncü Alışveriş Sitesi
2021-05-12 01:07:19 INFO  Log4j:18 - Email : sonerats25@gmail.com - Password : soner1300
2021-05-12 01:07:23 INFO  Log4j:18 - Username : sonerates236585
2021-05-12 01:07:33 INFO  Log4j:14 - Test is ending...
2021-05-12 01:09:25 INFO  Log4j:10 - Test is starting...
2021-05-12 01:09:33 INFO  Log4j:18 - Open Browser Page : https://www.gittigidiyor.com/
2021-05-12 01:09:33 INFO  Log4j:18 - Driver Title : GittiGidiyor - Türkiye'nin Öncü Alışveriş Sitesi
2021-05-12 01:09:37 INFO  Log4j:18 - Email : sonerats25@gmail.com - Password : soner1300
2021-05-12 01:09:41 INFO  Log4j:18 - Username : sonerates236585
2021-05-12 01:09:51 INFO  Log4j:14 - Test is ending...
2021-05-12 01:15:24 INFO  Log4j:10 - Test is starting...
2021-05-12 01:15:31 INFO  Log4j:18 - Open Browser Page : https://www.gittigidiyor.com/
2021-05-12 01:15:31 INFO  Log4j:18 - Driver Title : GittiGidiyor - Türkiye'nin Öncü Alışveriş Sitesi
2021-05-12 01:15:35 INFO  Log4j:18 - Email : sonerats25@gmail.com - Password : soner1300
2021-05-12 01:15:38 INFO  Log4j:18 - Username : sonerates236585
2021-05-12 01:15:48 INFO  Log4j:14 - Test is ending...
2021-05-12 01:54:48 INFO  Log4j:10 - Test is starting...
2021-05-12 01:55:02 INFO  Log4j:18 - Open Browser Page : https://www.gittigidiyor.com/
2021-05-12 01:55:02 INFO  Log4j:18 - Driver Title : GittiGidiyor - Türkiye'nin Öncü Alışveriş Sitesi
2021-05-12 01:55:05 INFO  Log4j:18 - Email : sonerats25@gmail.com - Password : soner1300
2021-05-12 01:55:08 INFO  Log4j:18 - Username : sonerates236585
2021-05-12 01:55:22 INFO  Log4j:14 - Test is ending...
2021-05-12 01:55:59 INFO  Log4j:10 - Test is starting...
2021-05-12 01:56:04 INFO  Log4j:18 - Open Browser Page : https://www.gittigidiyor.com/
2021-05-12 01:56:04 INFO  Log4j:18 - Driver Title : GittiGidiyor - Türkiye'nin Öncü Alışveriş Sitesi
2021-05-12 01:56:06 INFO  Log4j:18 - Email : sonerats25@gmail.com - Password : soner1300
2021-05-12 01:56:09 INFO  Log4j:18 - Username : sonerates236585
2021-05-12 01:56:13 INFO  Log4j:18 - Computer word searched
2021-05-12 01:56:16 INFO  Log4j:18 - Selected page number : 2
2021-05-12 01:56:18 INFO  Log4j:18 - Select product price: 19.798,90 TL
2021-05-12 01:56:18 INFO  Log4j:18 - Product is add basket
2021-05-12 01:56:19 INFO  Log4j:14 - Test is ending...
